<?xml version="1.0" encoding="UTF-8"?>
<testng-results ignored="0" total="16" passed="16" failed="0" skipped="0">
  <reporter-output>
  </reporter-output>
  <suite started-at="2024-02-08T17:53:46 IST" name="Suite" finished-at="2024-02-08T17:54:04 IST" duration-ms="18192">
    <groups>
    </groups>
    <test started-at="2024-02-08T17:53:46 IST" name="Test" finished-at="2024-02-08T17:54:04 IST" duration-ms="18192">
      <class name="com.swaglab.testscript.LoginPageTestTest">
        <test-method is-config="true" signature="initilizeBroswer()[pri:0, instance:com.swaglab.testscript.LoginPageTestTest@3e08ff24]" started-at="2024-02-08T17:53:34 IST" name="initilizeBroswer" finished-at="2024-02-08T17:53:46 IST" duration-ms="11851" status="PASS">
          <reporter-output>
          </reporter-output>
        </test-method> <!-- initilizeBroswer -->
        <test-method signature="testLogin(java.lang.String,java.lang.String,java.lang.String)[pri:1, instance:com.swaglab.testscript.LoginPageTestTest@3e08ff24]" started-at="2024-02-08T17:53:47 IST" name="testLogin" description="Testing login functionality" data-provider="getCredentails" finished-at="2024-02-08T17:53:50 IST" duration-ms="2988" status="PASS">
          <params>
            <param index="0">
              <value>
                <![CDATA[standard_user]]>
              </value>
            </param>
            <param index="1">
              <value>
                <![CDATA[secret_sauce]]>
              </value>
            </param>
            <param index="2">
              <value>
                <![CDATA[PASS]]>
              </value>
            </param>
          </params>
          <reporter-output>
          </reporter-output>
        </test-method> <!-- testLogin -->
        <test-method signature="testLogin(java.lang.String,java.lang.String,java.lang.String)[pri:1, instance:com.swaglab.testscript.LoginPageTestTest@3e08ff24]" started-at="2024-02-08T17:53:50 IST" name="testLogin" description="Testing login functionality" data-provider="getCredentails" finished-at="2024-02-08T17:53:51 IST" duration-ms="1252" status="PASS">
          <params>
            <param index="0">
              <value>
                <![CDATA[locked_out_user]]>
              </value>
            </param>
            <param index="1">
              <value>
                <![CDATA[secret_sauce]]>
              </value>
            </param>
            <param index="2">
              <value>
                <![CDATA[FAIL]]>
              </value>
            </param>
          </params>
          <reporter-output>
          </reporter-output>
        </test-method> <!-- testLogin -->
        <test-method signature="testLogin(java.lang.String,java.lang.String,java.lang.String)[pri:1, instance:com.swaglab.testscript.LoginPageTestTest@3e08ff24]" started-at="2024-02-08T17:53:51 IST" name="testLogin" description="Testing login functionality" data-provider="getCredentails" finished-at="2024-02-08T17:53:52 IST" duration-ms="903" status="PASS">
          <params>
            <param index="0">
              <value>
                <![CDATA[problem_user]]>
              </value>
            </param>
            <param index="1">
              <value>
                <![CDATA[Test1]]>
              </value>
            </param>
            <param index="2">
              <value>
                <![CDATA[FAIL]]>
              </value>
            </param>
          </params>
          <reporter-output>
          </reporter-output>
        </test-method> <!-- testLogin -->
        <test-method signature="testLogin(java.lang.String,java.lang.String,java.lang.String)[pri:1, instance:com.swaglab.testscript.LoginPageTestTest@3e08ff24]" started-at="2024-02-08T17:53:52 IST" name="testLogin" description="Testing login functionality" data-provider="getCredentails" finished-at="2024-02-08T17:54:00 IST" duration-ms="7667" status="PASS">
          <params>
            <param index="0">
              <value>
                <![CDATA[performance_glitch_user]]>
              </value>
            </param>
            <param index="1">
              <value>
                <![CDATA[secret_sauce]]>
              </value>
            </param>
            <param index="2">
              <value>
                <![CDATA[PASS]]>
              </value>
            </param>
          </params>
          <reporter-output>
          </reporter-output>
        </test-method> <!-- testLogin -->
        <test-method signature="testLogin(java.lang.String,java.lang.String,java.lang.String)[pri:1, instance:com.swaglab.testscript.LoginPageTestTest@3e08ff24]" started-at="2024-02-08T17:54:00 IST" name="testLogin" description="Testing login functionality" data-provider="getCredentails" finished-at="2024-02-08T17:54:00 IST" duration-ms="336" status="PASS">
          <params>
            <param index="0">
              <value>
                <![CDATA[error_user]]>
              </value>
            </param>
            <param index="1">
              <value>
                <![CDATA[Test1]]>
              </value>
            </param>
            <param index="2">
              <value>
                <![CDATA[FAIL]]>
              </value>
            </param>
          </params>
          <reporter-output>
          </reporter-output>
        </test-method> <!-- testLogin -->
        <test-method signature="testLogin(java.lang.String,java.lang.String,java.lang.String)[pri:1, instance:com.swaglab.testscript.LoginPageTestTest@3e08ff24]" started-at="2024-02-08T17:54:00 IST" name="testLogin" description="Testing login functionality" data-provider="getCredentails" finished-at="2024-02-08T17:54:01 IST" duration-ms="895" status="PASS">
          <params>
            <param index="0">
              <value>
                <![CDATA[visual_user]]>
              </value>
            </param>
            <param index="1">
              <value>
                <![CDATA[secret_sauce]]>
              </value>
            </param>
            <param index="2">
              <value>
                <![CDATA[PASS]]>
              </value>
            </param>
          </params>
          <reporter-output>
          </reporter-output>
        </test-method> <!-- testLogin -->
        <test-method signature="testLogin(java.lang.String,java.lang.String,java.lang.String)[pri:1, instance:com.swaglab.testscript.LoginPageTestTest@3e08ff24]" started-at="2024-02-08T17:54:01 IST" name="testLogin" description="Testing login functionality" data-provider="getCredentails" finished-at="2024-02-08T17:54:01 IST" duration-ms="371" status="PASS">
          <params>
            <param index="0">
              <value>
                <![CDATA[test1]]>
              </value>
            </param>
            <param index="1">
              <value>
                <![CDATA[secret_sauce]]>
              </value>
            </param>
            <param index="2">
              <value>
                <![CDATA[FAIL]]>
              </value>
            </param>
          </params>
          <reporter-output>
          </reporter-output>
        </test-method> <!-- testLogin -->
        <test-method signature="testLogin(java.lang.String,java.lang.String,java.lang.String)[pri:1, instance:com.swaglab.testscript.LoginPageTestTest@3e08ff24]" started-at="2024-02-08T17:54:01 IST" name="testLogin" description="Testing login functionality" data-provider="getCredentails" finished-at="2024-02-08T17:54:02 IST" duration-ms="307" status="PASS">
          <params>
            <param index="0">
              <value>
                <![CDATA[test2]]>
              </value>
            </param>
            <param index="1">
              <value>
                <![CDATA[Test1]]>
              </value>
            </param>
            <param index="2">
              <value>
                <![CDATA[FAIL]]>
              </value>
            </param>
          </params>
          <reporter-output>
          </reporter-output>
        </test-method> <!-- testLogin -->
        <test-method signature="testLogin(java.lang.String,java.lang.String,java.lang.String)[pri:1, instance:com.swaglab.testscript.LoginPageTestTest@3e08ff24]" started-at="2024-02-08T17:54:02 IST" name="testLogin" description="Testing login functionality" data-provider="getCredentails" finished-at="2024-02-08T17:54:02 IST" duration-ms="435" status="PASS">
          <params>
            <param index="0">
              <value>
                <![CDATA[test3]]>
              </value>
            </param>
            <param index="1">
              <value>
                <![CDATA[secret_sauce]]>
              </value>
            </param>
            <param index="2">
              <value>
                <![CDATA[FAIL]]>
              </value>
            </param>
          </params>
          <reporter-output>
          </reporter-output>
        </test-method> <!-- testLogin -->
        <test-method signature="testLogin(java.lang.String,java.lang.String,java.lang.String)[pri:1, instance:com.swaglab.testscript.LoginPageTestTest@3e08ff24]" started-at="2024-02-08T17:54:02 IST" name="testLogin" description="Testing login functionality" data-provider="getCredentails" finished-at="2024-02-08T17:54:02 IST" duration-ms="274" status="PASS">
          <params>
            <param index="0">
              <value>
                <![CDATA[test4]]>
              </value>
            </param>
            <param index="1">
              <value>
                <![CDATA[Test1]]>
              </value>
            </param>
            <param index="2">
              <value>
                <![CDATA[FAIL]]>
              </value>
            </param>
          </params>
          <reporter-output>
          </reporter-output>
        </test-method> <!-- testLogin -->
        <test-method signature="testLogin(java.lang.String,java.lang.String,java.lang.String)[pri:1, instance:com.swaglab.testscript.LoginPageTestTest@3e08ff24]" started-at="2024-02-08T17:54:02 IST" name="testLogin" description="Testing login functionality" data-provider="getCredentails" finished-at="2024-02-08T17:54:03 IST" duration-ms="291" status="PASS">
          <params>
            <param index="0">
              <value>
                <![CDATA[test5]]>
              </value>
            </param>
            <param index="1">
              <value>
                <![CDATA[secret_sauce]]>
              </value>
            </param>
            <param index="2">
              <value>
                <![CDATA[FAIL]]>
              </value>
            </param>
          </params>
          <reporter-output>
          </reporter-output>
        </test-method> <!-- testLogin -->
        <test-method signature="testLogin(java.lang.String,java.lang.String,java.lang.String)[pri:1, instance:com.swaglab.testscript.LoginPageTestTest@3e08ff24]" started-at="2024-02-08T17:54:03 IST" name="testLogin" description="Testing login functionality" data-provider="getCredentails" finished-at="2024-02-08T17:54:03 IST" duration-ms="236" status="PASS">
          <params>
            <param index="0">
              <value>
                <![CDATA[test6]]>
              </value>
            </param>
            <param index="1">
              <value>
                <![CDATA[Test1]]>
              </value>
            </param>
            <param index="2">
              <value>
                <![CDATA[FAIL]]>
              </value>
            </param>
          </params>
          <reporter-output>
          </reporter-output>
        </test-method> <!-- testLogin -->
        <test-method signature="testLogin(java.lang.String,java.lang.String,java.lang.String)[pri:1, instance:com.swaglab.testscript.LoginPageTestTest@3e08ff24]" started-at="2024-02-08T17:54:03 IST" name="testLogin" description="Testing login functionality" data-provider="getCredentails" finished-at="2024-02-08T17:54:03 IST" duration-ms="458" status="PASS">
          <params>
            <param index="0">
              <value>
                <![CDATA[test7]]>
              </value>
            </param>
            <param index="1">
              <value>
                <![CDATA[secret_sauce]]>
              </value>
            </param>
            <param index="2">
              <value>
                <![CDATA[FAIL]]>
              </value>
            </param>
          </params>
          <reporter-output>
          </reporter-output>
        </test-method> <!-- testLogin -->
        <test-method signature="testLogin(java.lang.String,java.lang.String,java.lang.String)[pri:1, instance:com.swaglab.testscript.LoginPageTestTest@3e08ff24]" started-at="2024-02-08T17:54:03 IST" name="testLogin" description="Testing login functionality" data-provider="getCredentails" finished-at="2024-02-08T17:54:04 IST" duration-ms="333" status="PASS">
          <params>
            <param index="0">
              <value>
                <![CDATA[test8]]>
              </value>
            </param>
            <param index="1">
              <value>
                <![CDATA[secret_sauce]]>
              </value>
            </param>
            <param index="2">
              <value>
                <![CDATA[FAIL]]>
              </value>
            </param>
          </params>
          <reporter-output>
          </reporter-output>
        </test-method> <!-- testLogin -->
        <test-method signature="testLogin(java.lang.String,java.lang.String,java.lang.String)[pri:1, instance:com.swaglab.testscript.LoginPageTestTest@3e08ff24]" started-at="2024-02-08T17:54:04 IST" name="testLogin" description="Testing login functionality" data-provider="getCredentails" finished-at="2024-02-08T17:54:04 IST" duration-ms="403" status="PASS">
          <params>
            <param index="0">
              <value>
                <![CDATA[test9]]>
              </value>
            </param>
            <param index="1">
              <value>
                <![CDATA[secret_sauce11]]>
              </value>
            </param>
            <param index="2">
              <value>
                <![CDATA[FAIL]]>
              </value>
            </param>
          </params>
          <reporter-output>
          </reporter-output>
        </test-method> <!-- testLogin -->
        <test-method signature="testLogin(java.lang.String,java.lang.String,java.lang.String)[pri:1, instance:com.swaglab.testscript.LoginPageTestTest@3e08ff24]" started-at="2024-02-08T17:54:04 IST" name="testLogin" description="Testing login functionality" data-provider="getCredentails" finished-at="2024-02-08T17:54:04 IST" duration-ms="228" status="PASS">
          <params>
            <param index="0">
              <value>
                <![CDATA[test9]]>
              </value>
            </param>
            <param index="1">
              <value>
                <![CDATA[secret_sauce11]]>
              </value>
            </param>
            <param index="2">
              <value>
                <![CDATA[FAIL]]>
              </value>
            </param>
          </params>
          <reporter-output>
          </reporter-output>
        </test-method> <!-- testLogin -->
        <test-method is-config="true" signature="tearDown()[pri:0, instance:com.swaglab.testscript.LoginPageTestTest@3e08ff24]" started-at="2024-02-08T17:54:04 IST" name="tearDown" finished-at="2024-02-08T17:54:04 IST" duration-ms="99" status="PASS">
          <reporter-output>
          </reporter-output>
        </test-method> <!-- tearDown -->
      </class> <!-- com.swaglab.testscript.LoginPageTestTest -->
    </test> <!-- Test -->
  </suite> <!-- Suite -->
</testng-results>
