<?xml version="1.0" encoding="UTF-8"?>
<testng-results ignored="0" total="17" passed="17" failed="0" skipped="0">
  <reporter-output>
  </reporter-output>
  <suite started-at="2024-02-07T20:29:23 IST" name="Suite" finished-at="2024-02-07T20:29:41 IST" duration-ms="18413">
    <groups>
    </groups>
    <test started-at="2024-02-07T20:29:23 IST" name="Test" finished-at="2024-02-07T20:29:41 IST" duration-ms="18413">
      <class name="com.swaglab.testscript.LoginPageTestTest">
        <test-method is-config="true" signature="initilizeBroswer()[pri:0, instance:com.swaglab.testscript.LoginPageTestTest@589b028e]" started-at="2024-02-07T20:29:15 IST" name="initilizeBroswer" finished-at="2024-02-07T20:29:23 IST" duration-ms="7684" status="PASS">
          <reporter-output>
          </reporter-output>
        </test-method> <!-- initilizeBroswer -->
        <test-method signature="testLogo()[pri:1, instance:com.swaglab.testscript.LoginPageTestTest@589b028e]" started-at="2024-02-07T20:29:23 IST" name="testLogo" description="Testing the logo is visible " finished-at="2024-02-07T20:29:23 IST" duration-ms="332" status="PASS">
          <reporter-output>
          </reporter-output>
        </test-method> <!-- testLogo -->
        <test-method signature="testLogin(java.lang.String,java.lang.String,java.lang.String)[pri:2, instance:com.swaglab.testscript.LoginPageTestTest@589b028e]" started-at="2024-02-07T20:29:24 IST" name="testLogin" description="Testing login functionality" data-provider="getCredentails" finished-at="2024-02-07T20:29:26 IST" duration-ms="2675" status="PASS">
          <params>
            <param index="0">
              <value>
                <![CDATA[standard_user]]>
              </value>
            </param>
            <param index="1">
              <value>
                <![CDATA[secret_sauce]]>
              </value>
            </param>
            <param index="2">
              <value>
                <![CDATA[PASS]]>
              </value>
            </param>
          </params>
          <reporter-output>
          </reporter-output>
        </test-method> <!-- testLogin -->
        <test-method signature="testLogin(java.lang.String,java.lang.String,java.lang.String)[pri:2, instance:com.swaglab.testscript.LoginPageTestTest@589b028e]" started-at="2024-02-07T20:29:26 IST" name="testLogin" description="Testing login functionality" data-provider="getCredentails" finished-at="2024-02-07T20:29:28 IST" duration-ms="1452" status="PASS">
          <params>
            <param index="0">
              <value>
                <![CDATA[locked_out_user]]>
              </value>
            </param>
            <param index="1">
              <value>
                <![CDATA[secret_sauce]]>
              </value>
            </param>
            <param index="2">
              <value>
                <![CDATA[FAIL]]>
              </value>
            </param>
          </params>
          <reporter-output>
          </reporter-output>
        </test-method> <!-- testLogin -->
        <test-method signature="testLogin(java.lang.String,java.lang.String,java.lang.String)[pri:2, instance:com.swaglab.testscript.LoginPageTestTest@589b028e]" started-at="2024-02-07T20:29:28 IST" name="testLogin" description="Testing login functionality" data-provider="getCredentails" finished-at="2024-02-07T20:29:29 IST" duration-ms="964" status="PASS">
          <params>
            <param index="0">
              <value>
                <![CDATA[problem_user]]>
              </value>
            </param>
            <param index="1">
              <value>
                <![CDATA[Test1]]>
              </value>
            </param>
            <param index="2">
              <value>
                <![CDATA[FAIL]]>
              </value>
            </param>
          </params>
          <reporter-output>
          </reporter-output>
        </test-method> <!-- testLogin -->
        <test-method signature="testLogin(java.lang.String,java.lang.String,java.lang.String)[pri:2, instance:com.swaglab.testscript.LoginPageTestTest@589b028e]" started-at="2024-02-07T20:29:29 IST" name="testLogin" description="Testing login functionality" data-provider="getCredentails" finished-at="2024-02-07T20:29:36 IST" duration-ms="7550" status="PASS">
          <params>
            <param index="0">
              <value>
                <![CDATA[performance_glitch_user]]>
              </value>
            </param>
            <param index="1">
              <value>
                <![CDATA[secret_sauce]]>
              </value>
            </param>
            <param index="2">
              <value>
                <![CDATA[PASS]]>
              </value>
            </param>
          </params>
          <reporter-output>
          </reporter-output>
        </test-method> <!-- testLogin -->
        <test-method signature="testLogin(java.lang.String,java.lang.String,java.lang.String)[pri:2, instance:com.swaglab.testscript.LoginPageTestTest@589b028e]" started-at="2024-02-07T20:29:36 IST" name="testLogin" description="Testing login functionality" data-provider="getCredentails" finished-at="2024-02-07T20:29:37 IST" duration-ms="421" status="PASS">
          <params>
            <param index="0">
              <value>
                <![CDATA[error_user]]>
              </value>
            </param>
            <param index="1">
              <value>
                <![CDATA[Test1]]>
              </value>
            </param>
            <param index="2">
              <value>
                <![CDATA[FAIL]]>
              </value>
            </param>
          </params>
          <reporter-output>
          </reporter-output>
        </test-method> <!-- testLogin -->
        <test-method signature="testLogin(java.lang.String,java.lang.String,java.lang.String)[pri:2, instance:com.swaglab.testscript.LoginPageTestTest@589b028e]" started-at="2024-02-07T20:29:37 IST" name="testLogin" description="Testing login functionality" data-provider="getCredentails" finished-at="2024-02-07T20:29:38 IST" duration-ms="921" status="PASS">
          <params>
            <param index="0">
              <value>
                <![CDATA[visual_user]]>
              </value>
            </param>
            <param index="1">
              <value>
                <![CDATA[secret_sauce]]>
              </value>
            </param>
            <param index="2">
              <value>
                <![CDATA[PASS]]>
              </value>
            </param>
          </params>
          <reporter-output>
          </reporter-output>
        </test-method> <!-- testLogin -->
        <test-method signature="testLogin(java.lang.String,java.lang.String,java.lang.String)[pri:2, instance:com.swaglab.testscript.LoginPageTestTest@589b028e]" started-at="2024-02-07T20:29:38 IST" name="testLogin" description="Testing login functionality" data-provider="getCredentails" finished-at="2024-02-07T20:29:38 IST" duration-ms="308" status="PASS">
          <params>
            <param index="0">
              <value>
                <![CDATA[test1]]>
              </value>
            </param>
            <param index="1">
              <value>
                <![CDATA[secret_sauce]]>
              </value>
            </param>
            <param index="2">
              <value>
                <![CDATA[FAIL]]>
              </value>
            </param>
          </params>
          <reporter-output>
          </reporter-output>
        </test-method> <!-- testLogin -->
        <test-method signature="testLogin(java.lang.String,java.lang.String,java.lang.String)[pri:2, instance:com.swaglab.testscript.LoginPageTestTest@589b028e]" started-at="2024-02-07T20:29:38 IST" name="testLogin" description="Testing login functionality" data-provider="getCredentails" finished-at="2024-02-07T20:29:38 IST" duration-ms="238" status="PASS">
          <params>
            <param index="0">
              <value>
                <![CDATA[test2]]>
              </value>
            </param>
            <param index="1">
              <value>
                <![CDATA[Test1]]>
              </value>
            </param>
            <param index="2">
              <value>
                <![CDATA[FAIL]]>
              </value>
            </param>
          </params>
          <reporter-output>
          </reporter-output>
        </test-method> <!-- testLogin -->
        <test-method signature="testLogin(java.lang.String,java.lang.String,java.lang.String)[pri:2, instance:com.swaglab.testscript.LoginPageTestTest@589b028e]" started-at="2024-02-07T20:29:38 IST" name="testLogin" description="Testing login functionality" data-provider="getCredentails" finished-at="2024-02-07T20:29:39 IST" duration-ms="450" status="PASS">
          <params>
            <param index="0">
              <value>
                <![CDATA[test3]]>
              </value>
            </param>
            <param index="1">
              <value>
                <![CDATA[secret_sauce]]>
              </value>
            </param>
            <param index="2">
              <value>
                <![CDATA[FAIL]]>
              </value>
            </param>
          </params>
          <reporter-output>
          </reporter-output>
        </test-method> <!-- testLogin -->
        <test-method signature="testLogin(java.lang.String,java.lang.String,java.lang.String)[pri:2, instance:com.swaglab.testscript.LoginPageTestTest@589b028e]" started-at="2024-02-07T20:29:39 IST" name="testLogin" description="Testing login functionality" data-provider="getCredentails" finished-at="2024-02-07T20:29:39 IST" duration-ms="351" status="PASS">
          <params>
            <param index="0">
              <value>
                <![CDATA[test4]]>
              </value>
            </param>
            <param index="1">
              <value>
                <![CDATA[Test1]]>
              </value>
            </param>
            <param index="2">
              <value>
                <![CDATA[FAIL]]>
              </value>
            </param>
          </params>
          <reporter-output>
          </reporter-output>
        </test-method> <!-- testLogin -->
        <test-method signature="testLogin(java.lang.String,java.lang.String,java.lang.String)[pri:2, instance:com.swaglab.testscript.LoginPageTestTest@589b028e]" started-at="2024-02-07T20:29:39 IST" name="testLogin" description="Testing login functionality" data-provider="getCredentails" finished-at="2024-02-07T20:29:39 IST" duration-ms="314" status="PASS">
          <params>
            <param index="0">
              <value>
                <![CDATA[test5]]>
              </value>
            </param>
            <param index="1">
              <value>
                <![CDATA[secret_sauce]]>
              </value>
            </param>
            <param index="2">
              <value>
                <![CDATA[FAIL]]>
              </value>
            </param>
          </params>
          <reporter-output>
          </reporter-output>
        </test-method> <!-- testLogin -->
        <test-method signature="testLogin(java.lang.String,java.lang.String,java.lang.String)[pri:2, instance:com.swaglab.testscript.LoginPageTestTest@589b028e]" started-at="2024-02-07T20:29:39 IST" name="testLogin" description="Testing login functionality" data-provider="getCredentails" finished-at="2024-02-07T20:29:39 IST" duration-ms="242" status="PASS">
          <params>
            <param index="0">
              <value>
                <![CDATA[test6]]>
              </value>
            </param>
            <param index="1">
              <value>
                <![CDATA[Test1]]>
              </value>
            </param>
            <param index="2">
              <value>
                <![CDATA[FAIL]]>
              </value>
            </param>
          </params>
          <reporter-output>
          </reporter-output>
        </test-method> <!-- testLogin -->
        <test-method signature="testLogin(java.lang.String,java.lang.String,java.lang.String)[pri:2, instance:com.swaglab.testscript.LoginPageTestTest@589b028e]" started-at="2024-02-07T20:29:39 IST" name="testLogin" description="Testing login functionality" data-provider="getCredentails" finished-at="2024-02-07T20:29:40 IST" duration-ms="482" status="PASS">
          <params>
            <param index="0">
              <value>
                <![CDATA[test7]]>
              </value>
            </param>
            <param index="1">
              <value>
                <![CDATA[secret_sauce]]>
              </value>
            </param>
            <param index="2">
              <value>
                <![CDATA[FAIL]]>
              </value>
            </param>
          </params>
          <reporter-output>
          </reporter-output>
        </test-method> <!-- testLogin -->
        <test-method signature="testLogin(java.lang.String,java.lang.String,java.lang.String)[pri:2, instance:com.swaglab.testscript.LoginPageTestTest@589b028e]" started-at="2024-02-07T20:29:40 IST" name="testLogin" description="Testing login functionality" data-provider="getCredentails" finished-at="2024-02-07T20:29:40 IST" duration-ms="473" status="PASS">
          <params>
            <param index="0">
              <value>
                <![CDATA[test8]]>
              </value>
            </param>
            <param index="1">
              <value>
                <![CDATA[secret_sauce]]>
              </value>
            </param>
            <param index="2">
              <value>
                <![CDATA[FAIL]]>
              </value>
            </param>
          </params>
          <reporter-output>
          </reporter-output>
        </test-method> <!-- testLogin -->
        <test-method signature="testLogin(java.lang.String,java.lang.String,java.lang.String)[pri:2, instance:com.swaglab.testscript.LoginPageTestTest@589b028e]" started-at="2024-02-07T20:29:40 IST" name="testLogin" description="Testing login functionality" data-provider="getCredentails" finished-at="2024-02-07T20:29:41 IST" duration-ms="265" status="PASS">
          <params>
            <param index="0">
              <value>
                <![CDATA[test9]]>
              </value>
            </param>
            <param index="1">
              <value>
                <![CDATA[secret_sauce11]]>
              </value>
            </param>
            <param index="2">
              <value>
                <![CDATA[FAIL]]>
              </value>
            </param>
          </params>
          <reporter-output>
          </reporter-output>
        </test-method> <!-- testLogin -->
        <test-method signature="testLogin(java.lang.String,java.lang.String,java.lang.String)[pri:2, instance:com.swaglab.testscript.LoginPageTestTest@589b028e]" started-at="2024-02-07T20:29:41 IST" name="testLogin" description="Testing login functionality" data-provider="getCredentails" finished-at="2024-02-07T20:29:41 IST" duration-ms="258" status="PASS">
          <params>
            <param index="0">
              <value>
                <![CDATA[test9]]>
              </value>
            </param>
            <param index="1">
              <value>
                <![CDATA[secret_sauce11]]>
              </value>
            </param>
            <param index="2">
              <value>
                <![CDATA[FAIL]]>
              </value>
            </param>
          </params>
          <reporter-output>
          </reporter-output>
        </test-method> <!-- testLogin -->
        <test-method is-config="true" signature="tearDown()[pri:0, instance:com.swaglab.testscript.LoginPageTestTest@589b028e]" started-at="2024-02-07T20:29:41 IST" name="tearDown" finished-at="2024-02-07T20:29:41 IST" duration-ms="98" status="PASS">
          <reporter-output>
          </reporter-output>
        </test-method> <!-- tearDown -->
      </class> <!-- com.swaglab.testscript.LoginPageTestTest -->
    </test> <!-- Test -->
  </suite> <!-- Suite -->
</testng-results>
