<?xml version="1.0" encoding="UTF-8"?>
<!-- Generated by org.testng.reporters.JUnitXMLReporter -->
<testsuite ignored="0" hostname="Ashishs-MacBook-Pro.local" failures="0" tests="17" name="Default test" time="17.841" errors="0" timestamp="2024-02-06T22:28:03 IST">
  <testcase classname="com.swaglab.testscript.LoginPageTestTest" name="testLogo" time="0.353"/>
  <testcase classname="com.swaglab.testscript.LoginPageTestTest" name="testLogin" time="2.907"/>
  <testcase classname="com.swaglab.testscript.LoginPageTestTest" name="testLogin" time="1.287"/>
  <testcase classname="com.swaglab.testscript.LoginPageTestTest" name="testLogin" time="1.088"/>
  <testcase classname="com.swaglab.testscript.LoginPageTestTest" name="testLogin" time="7.049"/>
  <testcase classname="com.swaglab.testscript.LoginPageTestTest" name="testLogin" time="0.28"/>
  <testcase classname="com.swaglab.testscript.LoginPageTestTest" name="testLogin" time="0.803"/>
  <testcase classname="com.swaglab.testscript.LoginPageTestTest" name="testLogin" time="0.318"/>
  <testcase classname="com.swaglab.testscript.LoginPageTestTest" name="testLogin" time="0.243"/>
  <testcase classname="com.swaglab.testscript.LoginPageTestTest" name="testLogin" time="0.436"/>
  <testcase classname="com.swaglab.testscript.LoginPageTestTest" name="testLogin" time="0.453"/>
  <testcase classname="com.swaglab.testscript.LoginPageTestTest" name="testLogin" time="0.255"/>
  <testcase classname="com.swaglab.testscript.LoginPageTestTest" name="testLogin" time="0.258"/>
  <testcase classname="com.swaglab.testscript.LoginPageTestTest" name="testLogin" time="0.483"/>
  <testcase classname="com.swaglab.testscript.LoginPageTestTest" name="testLogin" time="0.326"/>
  <testcase classname="com.swaglab.testscript.LoginPageTestTest" name="testLogin" time="0.295"/>
  <testcase classname="com.swaglab.testscript.LoginPageTestTest" name="testLogin" time="0.286"/>
</testsuite> <!-- Default test -->
